#
# A fatal error has been detected by the Java Runtime Environment:
#
#  EXCEPTION_ACCESS_VIOLATION (0xc0000005) at pc=0x00007ffc96e9feba, pid=7620, tid=13156
#
# JRE version: Java(TM) SE Runtime Environment (8.0_91-b15) (build 1.8.0_91-b15)
# Java VM: Java HotSpot(TM) 64-Bit Server VM (25.91-b15 mixed mode windows-amd64 compressed oops)
# Problematic frame:
# C  [ig9icd64.dll+0x2afeba]
#
# Failed to write core dump. Minidumps are not enabled by default on client versions of Windows
#
# If you would like to submit a bug report, please visit:
#   http://bugreport.java.com/bugreport/crash.jsp
# The crash happened outside the Java Virtual Machine in native code.
# See problematic frame for where to report the bug.
#

---------------  T H R E A D  ---------------

Current thread (0x0000000002260800):  JavaThread "main" [_thread_in_native, id=13156, stack(0x0000000002140000,0x0000000002240000)]

siginfo: ExceptionCode=0xc0000005, reading address 0x0000000000000020

Registers:
RAX=0x0000000000000000, RBX=0x0000000000000001, RCX=0x00000000643076d0, RDX=0x0000000000000000
RSP=0x000000000223c480, RBP=0x000000000223c5e0, RSI=0x0000000000000000, RDI=0x0000000000000000
R8 =0x000000006456c580, R9 =0x000000000223c768, R10=0x0000000000000000, R11=0x000000000223c910
R12=0x000000000000002c, R13=0x0000000064537228, R14=0x0000000000000000, R15=0x000000006454d6c8
RIP=0x00007ffc96e9feba, EFLAGS=0x0000000000010202

Top of Stack: (sp=0x000000000223c480)
0x000000000223c480:   0000000000000000 000000006456d420
0x000000000223c490:   000000006456c610 0000000000000101
0x000000000223c4a0:   0000000000000000 00007ffc971f17a9
0x000000000223c4b0:   69462388dc088dfe 000000005f9a30f0
0x000000000223c4c0:   0000000002230101 00000000006478c0
0x000000000223c4d0:   0000000000000000 00007ffc9743b4d4
0x000000000223c4e0:   0000000000000001 000000006456c610
0x000000000223c4f0:   000000000223c5e0 00007ffc971f196c
0x000000000223c500:   0000000000000000 fffffffffffffffe
0x000000000223c510:   0000000000000000 000000005f9a3408
0x000000000223c520:   00007ffc975ad5b8 0000000000800000
0x000000000223c530:   fffffff200000000 000000006454ed40
0x000000000223c540:   0000000000000000 00007ffc9743ccfc
0x000000000223c550:   0000000000000000 0000000000000001
0x000000000223c560:   0000000000000000 fffffffffffffffe
0x000000000223c570:   000000006454d6c8 0000000000000000 

Instructions: (pc=0x00007ffc96e9feba)
0x00007ffc96e9fe9a:   6c 24 70 48 8b 74 24 78 48 83 c4 50 5f c3 cc cc
0x00007ffc96e9feaa:   cc cc cc cc cc cc 48 89 6c 24 18 57 48 83 ec 50
0x00007ffc96e9feba:   0f b6 42 20 49 8b e9 4c 8b d2 2c 02 48 8b f9 3c
0x00007ffc96e9feca:   0e 77 20 41 0f b6 40 20 2c 02 3c 0e 77 15 49 8b 


Register to memory mapping:

RAX=0x0000000000000000 is an unknown value
RBX=0x0000000000000001 is an unknown value
RCX=0x00000000643076d0 is an unknown value
RDX=0x0000000000000000 is an unknown value
RSP=0x000000000223c480 is pointing into the stack for thread: 0x0000000002260800
RBP=0x000000000223c5e0 is pointing into the stack for thread: 0x0000000002260800
RSI=0x0000000000000000 is an unknown value
RDI=0x0000000000000000 is an unknown value
R8 =0x000000006456c580 is an unknown value
R9 =0x000000000223c768 is pointing into the stack for thread: 0x0000000002260800
R10=0x0000000000000000 is an unknown value
R11=0x000000000223c910 is pointing into the stack for thread: 0x0000000002260800
R12=0x000000000000002c is an unknown value
R13=0x0000000064537228 is an unknown value
R14=0x0000000000000000 is an unknown value
R15=0x000000006454d6c8 is an unknown value


Stack: [0x0000000002140000,0x0000000002240000],  sp=0x000000000223c480,  free space=1009k
Native frames: (J=compiled Java code, j=interpreted, Vv=VM code, C=native code)
C  [ig9icd64.dll+0x2afeba]
C  [ig9icd64.dll+0x84b4d4]
C  [ig9icd64.dll+0x84dba3]
C  [ig9icd64.dll+0x84d0be]
C  [ig9icd64.dll+0x856f5a]
C  [ig9icd64.dll+0x847894]
C  [ig9icd64.dll+0x8467eb]
C  [ig9icd64.dll+0x81126e]
C  [ig9icd64.dll+0x846ef2]
C  [ig9icd64.dll+0x8467eb]
C  [ig9icd64.dll+0x7ca6ab]
C  [ig9icd64.dll+0x783ca7]
C  [ig9icd64.dll+0x727b8f]
C  [ig9icd64.dll+0x1829e7]
C  [ig9icd64.dll+0x183178]
C  [ig9icd64.dll+0x18333f]
C  0x0000000002377f54

Java frames: (J=compiled Java code, j=interpreted, Vv=VM code)
j  org.lwjgl.system.JNI.callV(JI)V+0
j  org.lwjgl.opengl.GL20.glLinkProgram(I)V+20
j  net.pyraetos.ShaderProgram.link()V+4
j  net.pyraetos.ProjectCantaloupe.init()V+259
j  net.pyraetos.ProjectCantaloupe.main([Ljava/lang/String;)V+0
v  ~StubRoutines::call_stub

---------------  P R O C E S S  ---------------

Java Threads: ( => current thread )
  0x000000001ddb3000 JavaThread "Service Thread" daemon [_thread_blocked, id=16164, stack(0x000000001e8c0000,0x000000001e9c0000)]
  0x000000001dd22000 JavaThread "C1 CompilerThread3" daemon [_thread_blocked, id=5056, stack(0x000000001e7c0000,0x000000001e8c0000)]
  0x000000001dd14000 JavaThread "C2 CompilerThread2" daemon [_thread_blocked, id=12820, stack(0x000000001e6c0000,0x000000001e7c0000)]
  0x000000001dd09000 JavaThread "C2 CompilerThread1" daemon [_thread_blocked, id=4088, stack(0x000000001e5c0000,0x000000001e6c0000)]
  0x000000001dd06800 JavaThread "C2 CompilerThread0" daemon [_thread_blocked, id=1400, stack(0x000000001e4c0000,0x000000001e5c0000)]
  0x000000001dd05000 JavaThread "Attach Listener" daemon [_thread_blocked, id=11852, stack(0x000000001e3c0000,0x000000001e4c0000)]
  0x000000001dd04000 JavaThread "Signal Dispatcher" daemon [_thread_blocked, id=12664, stack(0x000000001e2c0000,0x000000001e3c0000)]
  0x000000001dd00800 JavaThread "Finalizer" daemon [_thread_blocked, id=3664, stack(0x000000001e0e0000,0x000000001e1e0000)]
  0x000000001bddd000 JavaThread "Reference Handler" daemon [_thread_blocked, id=14648, stack(0x000000001dbe0000,0x000000001dce0000)]
=>0x0000000002260800 JavaThread "main" [_thread_in_native, id=13156, stack(0x0000000002140000,0x0000000002240000)]

Other Threads:
  0x000000001bdd8800 VMThread [stack: 0x000000001dae0000,0x000000001dbe0000] [id=13104]
  0x000000001dde6800 WatcherThread [stack: 0x000000001e9c0000,0x000000001eac0000] [id=18656]

VM state:not at safepoint (normal execution)

VM Mutex/Monitor currently owned by a thread: None

Heap:
 PSYoungGen      total 76288K, used 22590K [0x000000076b380000, 0x0000000770880000, 0x00000007c0000000)
  eden space 65536K, 34% used [0x000000076b380000,0x000000076c98f9f8,0x000000076f380000)
  from space 10752K, 0% used [0x000000076fe00000,0x000000076fe00000,0x0000000770880000)
  to   space 10752K, 0% used [0x000000076f380000,0x000000076f380000,0x000000076fe00000)
 ParOldGen       total 175104K, used 0K [0x00000006c1a00000, 0x00000006cc500000, 0x000000076b380000)
  object space 175104K, 0% used [0x00000006c1a00000,0x00000006c1a00000,0x00000006cc500000)
 Metaspace       used 7790K, capacity 7965K, committed 8320K, reserved 1056768K
  class space    used 691K, capacity 775K, committed 896K, reserved 1048576K

Card table byte_map: [0x0000000011720000,0x0000000011f20000] byte_map_base: 0x000000000e113000

Marking Bits: (ParMarkBitMap*) 0x00000000700d2f70
 Begin Bits: [0x0000000012c70000, 0x0000000016c08000)
 End Bits:   [0x0000000016c08000, 0x000000001aba0000)

Polling page: 0x0000000000510000

CodeCache: size=245760Kb used=2348Kb max_used=2360Kb free=243411Kb
 bounds [0x0000000002360000, 0x00000000025d0000, 0x0000000011360000]
 total_blobs=1245 nmethods=504 adapters=654
 compilation: enabled

Compilation events (10 events):
Event: 0.540 Thread 0x000000001dd22000 nmethod 495 0x00000000025a1a50 code [0x00000000025a1ba0, 0x00000000025a1d90]
Event: 0.540 Thread 0x000000001dd22000  498       3       java.nio.CharBuffer::hasArray (20 bytes)
Event: 0.540 Thread 0x000000001dd22000 nmethod 498 0x00000000025aa4d0 code [0x00000000025aa620, 0x00000000025aa810]
Event: 0.540 Thread 0x000000001dd22000  500       3       sun.nio.cs.StreamDecoder::ensureOpen (18 bytes)
Event: 0.540 Thread 0x000000001dd22000 nmethod 500 0x00000000025aa890 code [0x00000000025aaa00, 0x00000000025aac48]
Event: 0.540 Thread 0x000000001dd22000  502   !   3       java.nio.CharBuffer::wrap (20 bytes)
Event: 0.541 Thread 0x000000001dd22000 nmethod 502 0x00000000025aad10 code [0x00000000025aaea0, 0x00000000025ab278]
Event: 0.541 Thread 0x000000001dd22000  503       3       java.nio.HeapCharBuffer::<init> (14 bytes)
Event: 0.541 Thread 0x000000001dd22000 nmethod 503 0x00000000025ab510 code [0x00000000025ab680, 0x00000000025ab8c8]
Event: 0.541 Thread 0x000000001dd14000 nmethod 504 0x00000000025ae910 code [0x00000000025aea60, 0x00000000025aed78]

GC Heap History (0 events):
No events

Deoptimization events (0 events):
No events

Internal exceptions (8 events):
Event: 0.028 Thread 0x0000000002260800 Exception <a 'java/lang/NoSuchMethodError': Method sun.misc.Unsafe.defineClass(Ljava/lang/String;[BII)Ljava/lang/Class; name or signature does not match> (0x000000076b387cc0) thrown at [C:\re\workspace\8-2-build-windows-amd64-cygwin\jdk8u91\7017\hotspot\srv©Õ_Æ-ù?
Event: 0.028 Thread 0x0000000002260800 Exception <a 'java/lang/NoSuchMethodError': Method sun.misc.Unsafe.prefetchRead(Ljava/lang/Object;J)V name or signature does not match> (0x000000076b387fa8) thrown at [C:\re\workspace\8-2-build-windows-amd64-cygwin\jdk8u91\7017\hotspot\src\share\vm\prims\j†#Î¶·{¥?
Event: 0.080 Thread 0x0000000002260800 Exception <a 'java/security/PrivilegedActionException'> (0x000000076b412c18) thrown at [C:\re\workspace\8-2-build-windows-amd64-cygwin\jdk8u91\7017\hotspot\src\share\vm\prims\jvm.cpp, line 1386]
Event: 0.080 Thread 0x0000000002260800 Exception <a 'java/security/PrivilegedActionException'> (0x000000076b412e28) thrown at [C:\re\workspace\8-2-build-windows-amd64-cygwin\jdk8u91\7017\hotspot\src\share\vm\prims\jvm.cpp, line 1386]
Event: 0.081 Thread 0x0000000002260800 Exception <a 'java/security/PrivilegedActionException'> (0x000000076b416bb8) thrown at [C:\re\workspace\8-2-build-windows-amd64-cygwin\jdk8u91\7017\hotspot\src\share\vm\prims\jvm.cpp, line 1386]
Event: 0.081 Thread 0x0000000002260800 Exception <a 'java/security/PrivilegedActionException'> (0x000000076b416dc8) thrown at [C:\re\workspace\8-2-build-windows-amd64-cygwin\jdk8u91\7017\hotspot\src\share\vm\prims\jvm.cpp, line 1386]
Event: 0.146 Thread 0x0000000002260800 Exception <a 'java/lang/NoSuchFieldError': method resolution failed> (0x000000076b6e9d90) thrown at [C:\re\workspace\8-2-build-windows-amd64-cygwin\jdk8u91\7017\hotspot\src\share\vm\prims\methodHandles.cpp, line 1146]
Event: 0.148 Thread 0x0000000002260800 Exception <a 'java/lang/NoSuchFieldError': method resolution failed> (0x000000076b6f7570) thrown at [C:\re\workspace\8-2-build-windows-amd64-cygwin\jdk8u91\7017\hotspot\src\share\vm\prims\methodHandles.cpp, line 1146]

Events (10 events):
Event: 0.528 loading class org/lwjgl/system/jemalloc/JEmalloc
Event: 0.528 loading class org/lwjgl/system/jemalloc/JEmalloc done
Event: 0.530 loading class org/lwjgl/system/jemalloc/MallocMessageCallbackI
Event: 0.530 loading class org/lwjgl/system/jemalloc/MallocMessageCallbackI done
Event: 0.530 loading class org/lwjgl/system/MemoryManage$JEmallocAllocator
Event: 0.530 loading class org/lwjgl/system/MemoryManage$JEmallocAllocator done
Event: 0.530 loading class org/lwjgl/system/jemalloc/JEmalloc$Functions
Event: 0.530 loading class org/lwjgl/system/jemalloc/JEmalloc$Functions done
Event: 0.531 loading class org/lwjgl/system/MemoryManage$DebugAllocator
Event: 0.531 loading class org/lwjgl/system/MemoryManage$DebugAllocator done


Dynamic libraries:
0x00007ff7f5f50000 - 0x00007ff7f5f87000 	C:\Program Files\Java\jre1.8.0_91\bin\javaw.exe
0x00007ffce7f70000 - 0x00007ffce8131000 	C:\Windows\SYSTEM32\ntdll.dll
0x00007ffce54a0000 - 0x00007ffce554d000 	C:\Windows\system32\KERNEL32.DLL
0x00007ffce48b0000 - 0x00007ffce4a98000 	C:\Windows\system32\KERNELBASE.dll
0x00007ffce5ba0000 - 0x00007ffce5c47000 	C:\Windows\system32\ADVAPI32.dll
0x00007ffce7e20000 - 0x00007ffce7ebd000 	C:\Windows\system32\msvcrt.dll
0x00007ffce7a30000 - 0x00007ffce7a8b000 	C:\Windows\system32\sechost.dll
0x00007ffce5380000 - 0x00007ffce549c000 	C:\Windows\system32\RPCRT4.dll
0x00007ffce5670000 - 0x00007ffce57c6000 	C:\Windows\system32\USER32.dll
0x00007ffce5830000 - 0x00007ffce59b6000 	C:\Windows\system32\GDI32.dll
0x00007ffcdfd30000 - 0x00007ffcdffa4000 	C:\Windows\WinSxS\amd64_microsoft.windows.common-controls_6595b64144ccf1df_6.0.10586.0_none_8c15ae12515e1c22\COMCTL32.dll
0x00007ffce77b0000 - 0x00007ffce7a2d000 	C:\Windows\system32\combase.dll
0x00007ffce52b0000 - 0x00007ffce531a000 	C:\Windows\system32\bcryptPrimitives.dll
0x00007ffce5550000 - 0x00007ffce558b000 	C:\Windows\system32\IMM32.DLL
0x000000006f4e0000 - 0x000000006f5b2000 	C:\Program Files\Java\jre1.8.0_91\bin\msvcr100.dll
0x000000006f8c0000 - 0x0000000070153000 	C:\Program Files\Java\jre1.8.0_91\bin\server\jvm.dll
0x00007ffce59c0000 - 0x00007ffce59c8000 	C:\Windows\system32\PSAPI.DLL
0x00007ffcc9370000 - 0x00007ffcc9379000 	C:\Windows\SYSTEM32\WSOCK32.dll
0x00007ffce0290000 - 0x00007ffce029a000 	C:\Windows\SYSTEM32\VERSION.dll
0x00007ffce2cc0000 - 0x00007ffce2ce3000 	C:\Windows\SYSTEM32\WINMM.dll
0x00007ffce5db0000 - 0x00007ffce5e1b000 	C:\Windows\system32\WS2_32.dll
0x00007ffce2b50000 - 0x00007ffce2b7c000 	C:\Windows\SYSTEM32\WINMMBASE.dll
0x00007ffce5320000 - 0x00007ffce5363000 	C:\Windows\system32\cfgmgr32.dll
0x00000000705e0000 - 0x00000000705ef000 	C:\Program Files\Java\jre1.8.0_91\bin\verify.dll
0x00000000705b0000 - 0x00000000705d9000 	C:\Program Files\Java\jre1.8.0_91\bin\java.dll
0x0000000070590000 - 0x00000000705a6000 	C:\Program Files\Java\jre1.8.0_91\bin\zip.dll
0x00007ffce5e20000 - 0x00007ffce737c000 	C:\Windows\system32\SHELL32.dll
0x00007ffce4b50000 - 0x00007ffce5194000 	C:\Windows\system32\windows.storage.dll
0x00007ffce5590000 - 0x00007ffce55e2000 	C:\Windows\system32\shlwapi.dll
0x00007ffce4610000 - 0x00007ffce461f000 	C:\Windows\system32\kernel.appcore.dll
0x00007ffce47f0000 - 0x00007ffce48a5000 	C:\Windows\system32\shcore.dll
0x00007ffce45b0000 - 0x00007ffce45fb000 	C:\Windows\system32\powrprof.dll
0x00007ffce4590000 - 0x00007ffce45a4000 	C:\Windows\system32\profapi.dll
0x00007ffcb78a0000 - 0x00007ffcb79b7000 	C:\Users\jpatr\workspace\ProjectCantaloupe\native\lwjgl.dll
0x00007ffce7a90000 - 0x00007ffce7bd3000 	C:\Windows\system32\ole32.dll
0x00007ffce4030000 - 0x00007ffce403b000 	C:\Windows\SYSTEM32\CRYPTBASE.DLL
0x00007ffccbea0000 - 0x00007ffccbedc000 	C:\Users\jpatr\workspace\ProjectCantaloupe\native\glfw.dll
0x00007ffce2f10000 - 0x00007ffce2fa6000 	C:\Windows\system32\uxtheme.dll
0x00007ffcc7db0000 - 0x00007ffcc7df1000 	C:\Windows\SYSTEM32\dinput8.dll
0x00007ffcd44b0000 - 0x00007ffcd44be000 	C:\Windows\SYSTEM32\xinput1_4.dll
0x00007ffce3060000 - 0x00007ffce3087000 	C:\Windows\SYSTEM32\DEVOBJ.dll
0x00007ffce21c0000 - 0x00007ffce21e2000 	C:\Windows\SYSTEM32\dwmapi.dll
0x00007ffcd1ca0000 - 0x00007ffcd1d43000 	C:\Program Files\Common Files\microsoft shared\ink\tiptsf.dll
0x00007ffce7d50000 - 0x00007ffce7e11000 	C:\Windows\system32\OLEAUT32.dll
0x00007ffcc4fc0000 - 0x00007ffcc50e9000 	C:\Windows\SYSTEM32\opengl32.dll
0x00007ffcc47a0000 - 0x00007ffcc47ce000 	C:\Windows\SYSTEM32\GLU32.dll
0x00007ffcc46a0000 - 0x00007ffcc479a000 	C:\Windows\SYSTEM32\DDRAW.dll
0x00007ffcc8e70000 - 0x00007ffcc8e78000 	C:\Windows\SYSTEM32\DCIMAN32.dll
0x00007ffce3580000 - 0x00007ffce358c000 	C:\Windows\SYSTEM32\HID.DLL
0x00007ffce7380000 - 0x00007ffce77a9000 	C:\Windows\system32\SETUPAPI.DLL
0x00007ffce51a0000 - 0x00007ffce51f5000 	C:\Windows\system32\WINTRUST.dll
0x00007ffce4600000 - 0x00007ffce4610000 	C:\Windows\system32\MSASN1.dll
0x00007ffce4620000 - 0x00007ffce47e8000 	C:\Windows\system32\CRYPT32.dll
0x00007ffce5c50000 - 0x00007ffce5daa000 	C:\Windows\system32\MSCTF.dll
0x00007ffc96bf0000 - 0x00007ffc978e5000 	C:\Windows\SYSTEM32\ig9icd64.dll
0x00007ffcdc070000 - 0x00007ffcdcee2000 	C:\Windows\SYSTEM32\igc64.dll
0x00007ffce2310000 - 0x00007ffce2323000 	C:\Windows\SYSTEM32\WTSAPI32.dll
0x00007ffcc8220000 - 0x00007ffcc825b000 	C:\Users\jpatr\workspace\ProjectCantaloupe\native\jemalloc.dll
0x00007ffcb5690000 - 0x00007ffcb581c000 	C:\Windows\SYSTEM32\dbghelp.dll

VM Arguments:
jvm_args: -Djava.library.path=native -Dfile.encoding=Cp1252 
java_command: net.pyraetos.ProjectCantaloupe
java_class_path (initial): C:\Users\jpatr\workspace\ProjectCantaloupe\bin;C:\Users\jpatr\Desktop\Projects\lwjgl\jar\lwjgl.jar
Launcher Type: SUN_STANDARD

Environment Variables:
PATH=C:/Program Files/Java/jre1.8.0_91/bin/server;C:/Program Files/Java/jre1.8.0_91/bin;C:/Program Files/Java/jre1.8.0_91/lib/amd64;C:\ProgramData\Oracle\Java\javapath;C:\Program Files (x86)\Razer Chroma SDK\bin;C:\Program Files\Razer Chroma SDK\bin;C:\Windows\system32;C:\Windows;C:\Windows\System32\Wbem;C:\Windows\System32\WindowsPowerShell\v1.0\;C:\Program Files (x86)\NVIDIA Corporation\PhysX\Common;C:\Program Files (x86)\Skype\Phone\;C:\Users\jpatr\.dnx\bin;C:\Program Files\Microsoft DNX\Dnvm\;C:\Program Files\Microsoft SQL Server\130\Tools\Binn\;C:\Program Files (x86)\Windows Live\Shared;C:\Windows\system32;
USERNAME=jpatr
OS=Windows_NT
PROCESSOR_IDENTIFIER=Intel64 Family 6 Model 94 Stepping 3, GenuineIntel



---------------  S Y S T E M  ---------------

OS: Windows 10.0 , 64 bit Build 10586 (10.0.10586.0)

CPU:total 8 (4 cores per cpu, 2 threads per core) family 6 model 94 stepping 3, cmov, cx8, fxsr, mmx, sse, sse2, sse3, ssse3, sse4.1, sse4.2, popcnt, avx, avx2, aes, clmul, erms, rtm, 3dnowpref, lzcnt, ht, tsc, tscinvbit, bmi1, bmi2, adx

Memory: 4k page, physical 16666972k(8326668k free), swap 19681628k(7202032k free)

vm_info: Java HotSpot(TM) 64-Bit Server VM (25.91-b15) for windows-amd64 JRE (1.8.0_91-b15), built on May 20 2016 17:43:15 by "java_re" with MS VC++ 10.0 (VS2010)

time: Mon Jun 27 23:05:20 2016
elapsed time: 0 seconds (0d 0h 0m 0s)

